<?xml version="1.0" encoding="UTF-8"?>
<!-- Generated by org.testng.reporters.JUnitReportReporter -->
<testsuite hostname="IBM-Testing22" name="testng.DependsOnMethod" tests="2" failures="0" timestamp="25 Jun 2018 10:10:36 GMT" time="7.779" errors="0">
  <testcase name="login" time="0.262" classname="testng.DependsOnMethod"/>
  <testcase name="Login" time="7.517" classname="testng.DependsOnMethod"/>
</testsuite> <!-- testng.DependsOnMethod -->
