<?xml version="1.0" encoding="UTF-8"?>
<!-- Generated by org.testng.reporters.JUnitReportReporter -->
<testsuite hostname="IBM-Testing22" name="day5_DataProvider.DataProviderClass" tests="2" failures="0" timestamp="26 Jun 2018 04:29:27 GMT" time="10.970" errors="0">
  <testcase name="dataProvider" time="6.935" classname="day5_DataProvider.DataProviderClass"/>
  <testcase name="dataProvider" time="4.035" classname="day5_DataProvider.DataProviderClass"/>
</testsuite> <!-- day5_DataProvider.DataProviderClass -->
