<?xml version="1.0" encoding="UTF-8"?>
<!-- Generated by org.testng.reporters.JUnitReportReporter -->
<testsuite hostname="IBM-Testing22" name="testng.Annotation" tests="1" failures="0" timestamp="25 Jun 2018 06:26:52 GMT" time="7.385" errors="0">
  <testcase name="Login" time="7.385" classname="testng.Annotation"/>
</testsuite> <!-- testng.Annotation -->
