<?xml version="1.0" encoding="UTF-8"?>
<!-- Generated by org.testng.reporters.JUnitReportReporter -->
<testsuite hostname="IBM-Testing22" name="testng.PrioritySecondClass" tests="3" failures="0" timestamp="25 Jun 2018 09:06:58 GMT" time="0.032" errors="0">
  <testcase name="fun3" time="0.016" classname="testng.PrioritySecondClass"/>
  <testcase name="fun1" time="0.000" classname="testng.PrioritySecondClass"/>
  <testcase name="fun2" time="0.016" classname="testng.PrioritySecondClass"/>
</testsuite> <!-- testng.PrioritySecondClass -->
