<?xml version="1.0" encoding="UTF-8"?>
<!-- Generated by org.testng.reporters.JUnitReportReporter -->
<testsuite hostname="IBM-Testing22" name="testng.CheckForResults" tests="1" failures="0" timestamp="25 Jun 2018 06:53:07 GMT" time="10.053" errors="0">
  <testcase name="login" time="10.053" classname="testng.CheckForResults"/>
</testsuite> <!-- testng.CheckForResults -->
