<?xml version="1.0" encoding="UTF-8"?>
<!-- Generated by org.testng.reporters.JUnitReportReporter -->
<testsuite hostname="IBM-Testing22" name="testng.GroupTwo" tests="3" failures="0" timestamp="25 Jun 2018 10:10:50 GMT" time="0.000" errors="0">
  <testcase name="fun2" time="0.000" classname="testng.GroupTwo"/>
  <testcase name="fun1" time="0.000" classname="testng.GroupTwo"/>
  <testcase name="fun3" time="0.000" classname="testng.GroupTwo"/>
</testsuite> <!-- testng.GroupTwo -->
