<?xml version="1.0" encoding="UTF-8"?>
<!-- Generated by org.testng.reporters.JUnitReportReporter -->
<testsuite hostname="IBM-Testing22" name="testng.PriorityFirstClass" tests="3" failures="0" timestamp="25 Jun 2018 09:06:58 GMT" time="0.015" errors="0">
  <testcase name="fun3" time="0.000" classname="testng.PriorityFirstClass"/>
  <testcase name="fun1" time="0.015" classname="testng.PriorityFirstClass"/>
  <testcase name="fun2" time="0.000" classname="testng.PriorityFirstClass"/>
</testsuite> <!-- testng.PriorityFirstClass -->
