<?xml version="1.0" encoding="UTF-8"?>
<!-- Generated by org.testng.reporters.JUnitReportReporter -->
<testsuite hostname="IBM-Testing22" name="testng.TestNGSecond" tests="3" failures="0" timestamp="25 Jun 2018 08:47:30 GMT" time="0.000" errors="0">
  <testcase name="fun1" time="0.000" classname="testng.TestNGSecond"/>
  <testcase name="fun2" time="0.000" classname="testng.TestNGSecond"/>
  <testcase name="fun3" time="0.000" classname="testng.TestNGSecond"/>
</testsuite> <!-- testng.TestNGSecond -->
