<?xml version="1.0" encoding="UTF-8"?>
<!-- Generated by org.testng.reporters.JUnitReportReporter -->
<testsuite hostname="IBM-Testing22" name="testng.ParallelExec" tests="4" failures="0" timestamp="25 Jun 2018 11:45:19 GMT" time="0.030" errors="0">
  <testcase name="function" time="0.015" classname="testng.ParallelExec"/>
  <testcase name="method" time="0.000" classname="testng.ParallelExec"/>
  <testcase name="function" time="0.015" classname="testng.ParallelExec"/>
  <testcase name="method" time="0.000" classname="testng.ParallelExec"/>
</testsuite> <!-- testng.ParallelExec -->
